<?xml version="1.0" encoding="UTF-8"?>
<testng-results skipped="0" failed="0" ignored="0" total="3" passed="3">
  <reporter-output>
  </reporter-output>
  <suite name="Google Suite with Verbose" duration-ms="38237" started-at="2021-10-03T08:13:08 IST" finished-at="2021-10-03T08:13:46 IST">
    <groups>
    </groups>
    <test name="Google Title test " duration-ms="38237" started-at="2021-10-03T08:13:08 IST" finished-at="2021-10-03T08:13:46 IST">
      <class name="com.QA.verbose.concept.TestClass">
        <test-method status="PASS" signature="setUp()[pri:0, instance:com.QA.verbose.concept.TestClass@43bd930a]" name="setUp" is-config="true" duration-ms="13381" started-at="2021-10-03T08:13:08 IST" finished-at="2021-10-03T08:13:21 IST">
          <reporter-output>
          </reporter-output>
        </test-method> <!-- setUp -->
        <test-method status="PASS" signature="getTitleTest1()[pri:0, instance:com.QA.verbose.concept.TestClass@43bd930a]" name="getTitleTest1" duration-ms="30" started-at="2021-10-03T08:13:21 IST" finished-at="2021-10-03T08:13:21 IST">
          <reporter-output>
          </reporter-output>
        </test-method> <!-- getTitleTest1 -->
        <test-method status="PASS" signature="tearDown()[pri:0, instance:com.QA.verbose.concept.TestClass@43bd930a]" name="tearDown" is-config="true" duration-ms="1065" started-at="2021-10-03T08:13:21 IST" finished-at="2021-10-03T08:13:22 IST">
          <reporter-output>
          </reporter-output>
        </test-method> <!-- tearDown -->
        <test-method status="PASS" signature="setUp()[pri:0, instance:com.QA.verbose.concept.TestClass@43bd930a]" name="setUp" is-config="true" duration-ms="10854" started-at="2021-10-03T08:13:22 IST" finished-at="2021-10-03T08:13:33 IST">
          <reporter-output>
          </reporter-output>
        </test-method> <!-- setUp -->
        <test-method status="PASS" signature="getTitleTest2()[pri:0, instance:com.QA.verbose.concept.TestClass@43bd930a]" name="getTitleTest2" duration-ms="14" started-at="2021-10-03T08:13:33 IST" finished-at="2021-10-03T08:13:33 IST">
          <reporter-output>
          </reporter-output>
        </test-method> <!-- getTitleTest2 -->
        <test-method status="PASS" signature="tearDown()[pri:0, instance:com.QA.verbose.concept.TestClass@43bd930a]" name="tearDown" is-config="true" duration-ms="1046" started-at="2021-10-03T08:13:33 IST" finished-at="2021-10-03T08:13:34 IST">
          <reporter-output>
          </reporter-output>
        </test-method> <!-- tearDown -->
        <test-method status="PASS" signature="setUp()[pri:0, instance:com.QA.verbose.concept.TestClass@43bd930a]" name="setUp" is-config="true" duration-ms="10697" started-at="2021-10-03T08:13:34 IST" finished-at="2021-10-03T08:13:45 IST">
          <reporter-output>
          </reporter-output>
        </test-method> <!-- setUp -->
        <test-method status="PASS" signature="getTitleTest3()[pri:0, instance:com.QA.verbose.concept.TestClass@43bd930a]" name="getTitleTest3" duration-ms="12" started-at="2021-10-03T08:13:45 IST" finished-at="2021-10-03T08:13:45 IST">
          <reporter-output>
          </reporter-output>
        </test-method> <!-- getTitleTest3 -->
        <test-method status="PASS" signature="tearDown()[pri:0, instance:com.QA.verbose.concept.TestClass@43bd930a]" name="tearDown" is-config="true" duration-ms="1077" started-at="2021-10-03T08:13:45 IST" finished-at="2021-10-03T08:13:46 IST">
          <reporter-output>
          </reporter-output>
        </test-method> <!-- tearDown -->
      </class> <!-- com.QA.verbose.concept.TestClass -->
    </test> <!-- Google Title test  -->
  </suite> <!-- Google Suite with Verbose -->
</testng-results>
