<?xml version="1.0" encoding="UTF-8"?>
<!-- Generated by org.testng.reporters.JUnitXMLReporter -->
<testsuite hostname="Welcome-PC" ignored="0" name="Google Title test " tests="3" failures="0" timestamp="2021-10-03T08:13:46 IST" time="38.237" errors="0">
  <testcase name="getTitleTest1" time="0.03" classname="com.QA.verbose.concept.TestClass"/>
  <testcase name="getTitleTest2" time="0.014" classname="com.QA.verbose.concept.TestClass"/>
  <testcase name="getTitleTest3" time="0.012" classname="com.QA.verbose.concept.TestClass"/>
</testsuite> <!-- Google Title test  -->
