<?xml version="1.0" encoding="UTF-8"?>
<!-- Generated by org.testng.reporters.JUnitXMLReporter -->
<testsuite hostname="Welcome-PC" ignored="0" name="RetryMultipleFailedTestCasesUsingAnnotationTransformerListenersatRuntime" tests="9" failures="2" timestamp="2021-10-01T20:08:32 IST" time="0.102" errors="0">
  <testcase name="test1" time="0.013" classname="com.QA.TestNG.IAnnotationTransformer.MyTests">
    <skipped/>
  </testcase> <!-- test1 -->
  <testcase name="test1" time="0.001" classname="com.QA.TestNG.IAnnotationTransformer.MyTests">
    <skipped/>
  </testcase> <!-- test1 -->
  <testcase name="test1" time="0.001" classname="com.QA.TestNG.IAnnotationTransformer.MyTests">
    <skipped/>
  </testcase> <!-- test1 -->
  <testcase name="test1" time="0.002" classname="com.QA.TestNG.IAnnotationTransformer.MyTests">
    <failure type="java.lang.AssertionError" message="expected [true] but found [false]">
      <![CDATA[java.lang.AssertionError: expected [true] but found [false]
at com.QA.TestNG.IAnnotationTransformer.MyTests.test1(MyTests.java:11)
at java.util.ArrayList.forEach(ArrayList.java:1259)
... Removed 31 stack frames]]>
    </failure>
  </testcase> <!-- test1 -->
  <testcase name="test2" time="0.002" classname="com.QA.TestNG.IAnnotationTransformer.MyTests">
    <skipped/>
  </testcase> <!-- test2 -->
  <testcase name="test2" time="0.002" classname="com.QA.TestNG.IAnnotationTransformer.MyTests">
    <skipped/>
  </testcase> <!-- test2 -->
  <testcase name="test2" time="0.001" classname="com.QA.TestNG.IAnnotationTransformer.MyTests">
    <skipped/>
  </testcase> <!-- test2 -->
  <testcase name="test2" time="0.002" classname="com.QA.TestNG.IAnnotationTransformer.MyTests">
    <failure type="java.lang.AssertionError" message="expected [false] but found [true]">
      <![CDATA[java.lang.AssertionError: expected [false] but found [true]
at com.QA.TestNG.IAnnotationTransformer.MyTests.test2(MyTests.java:17)
at java.util.ArrayList.forEach(ArrayList.java:1259)
... Removed 33 stack frames]]>
    </failure>
  </testcase> <!-- test2 -->
  <testcase name="test3" time="0.002" classname="com.QA.TestNG.IAnnotationTransformer.MyTests"/>
</testsuite> <!-- RetryMultipleFailedTestCasesUsingAnnotationTransformerListenersatRuntime -->
